<?xml version="1.0" encoding="UTF-8"?>
<testng-results skipped="0" failed="0" total="1" passed="1">
  <reporter-output>
  </reporter-output>
  <suite name="Default suite" duration-ms="1190" started-at="2013-06-29T05:25:51Z" finished-at="2013-06-29T05:25:52Z">
    <groups>
      <group name="all-test">
        <method signature="UserMapperTest.testSaveUser()[pri:0, instance:org.androidpn.server.dao.UserMapperTest@eac5a]" name="testSaveUser" class="org.androidpn.server.dao.UserMapperTest"/>
      </group> <!-- all-test -->
    </groups>
    <test name="Default test" duration-ms="1190" started-at="2013-06-29T05:25:51Z" finished-at="2013-06-29T05:25:52Z">
      <class name="org.androidpn.server.dao.UserMapperTest">
        <test-method status="PASS" signature="aBeforeClass(org.testng.ITestContext)[pri:0, instance:org.androidpn.server.dao.UserMapperTest@eac5a]" name="aBeforeClass" is-config="true" duration-ms="949" started-at="2013-06-29T13:25:51Z" finished-at="2013-06-29T13:25:52Z">
          <params>
            <param index="0">
              <value>
                <![CDATA[org.testng.TestRunner@84aa02]]>
              </value>
            </param>
          </params>
          <reporter-output>
          </reporter-output>
        </test-method> <!-- aBeforeClass -->
        <test-method status="PASS" signature="aBeforeMethod(java.lang.reflect.Method)[pri:0, instance:org.androidpn.server.dao.UserMapperTest@eac5a]" name="aBeforeMethod" is-config="true" duration-ms="5" started-at="2013-06-29T13:25:52Z" finished-at="2013-06-29T13:25:52Z">
          <params>
            <param index="0">
              <value>
                <![CDATA[public void org.androidpn.server.dao.UserMapperTest.testSaveUser()]]>
              </value>
            </param>
          </params>
          <reporter-output>
          </reporter-output>
        </test-method> <!-- aBeforeMethod -->
        <test-method status="PASS" signature="testSaveUser()[pri:0, instance:org.androidpn.server.dao.UserMapperTest@eac5a]" name="testSaveUser" duration-ms="223" started-at="2013-06-29T13:25:52Z" description="插入用户" finished-at="2013-06-29T13:25:52Z">
          <reporter-output>
          </reporter-output>
        </test-method> <!-- testSaveUser -->
        <test-method status="PASS" signature="zAfterMethod(java.lang.reflect.Method)[pri:0, instance:org.androidpn.server.dao.UserMapperTest@eac5a]" name="zAfterMethod" is-config="true" duration-ms="1" started-at="2013-06-29T13:25:52Z" finished-at="2013-06-29T13:25:52Z">
          <params>
            <param index="0">
              <value>
                <![CDATA[public void org.androidpn.server.dao.UserMapperTest.testSaveUser()]]>
              </value>
            </param>
          </params>
          <reporter-output>
          </reporter-output>
        </test-method> <!-- zAfterMethod -->
        <test-method status="PASS" signature="zAfterClass()[pri:0, instance:org.androidpn.server.dao.UserMapperTest@eac5a]" name="zAfterClass" is-config="true" duration-ms="2" started-at="2013-06-29T13:25:52Z" finished-at="2013-06-29T13:25:52Z">
          <reporter-output>
          </reporter-output>
        </test-method> <!-- zAfterClass -->
      </class> <!-- org.androidpn.server.dao.UserMapperTest -->
    </test> <!-- Default test -->
  </suite> <!-- Default suite -->
</testng-results>
